1624451748210	geckodriver	INFO	Listening on 127.0.0.1:52019
1624451751341	mozrunner::runner	INFO	Running command: "C:\\Program Files\\Mozilla Firefox\\firefox.exe" "--marionette" "-headless" "-foreground" "-no-remote" "-profile" "C:\\Users\\Jordan\\AppData\\Local\\Temp\\rust_mozprofileWP3S2M"
*** You are running in headless mode.
1624451803647	geckodriver	INFO	Listening on 127.0.0.1:52064
1624451806811	mozrunner::runner	INFO	Running command: "C:\\Program Files\\Mozilla Firefox\\firefox.exe" "--marionette" "-headless" "-foreground" "-no-remote" "-profile" "C:\\Users\\Jordan\\AppData\\Local\\Temp\\rust_mozprofileUKoRiG"
*** You are running in headless mode.
JavaScript error: resource://gre/modules/XULStore.jsm, line 66: Error: Can't find profile directory.
console.error: SearchCache: "_readCacheFile: Error reading cache file:" (new Error("", "(unknown module)"))
1624451809106	Marionette	INFO	Listening on port 52072
1624451809493	Marionette	WARN	TLS certificate errors will be ignored for this session
JavaScript error: , line 0: NS_ERROR_NOT_AVAILABLE
1:51694
1624451959359	mozrunner::runner	INFO	Running command: "C:\\Program Files\\Mozilla Firefox\\firefox.exe" "--marionette" "-headless" "-foreground" "-no-remote" "-profile" "C:\\Users\\Jordan\\AppData\\Local\\Temp\\rust_mozprofileWya1jl"
*** You are running in headless mode.
JavaScript error: resource://gre/modules/XULStore.jsm, line 66: Error: Can't find profile directory.
console.error: SearchCache: "_readCacheFile: Error reading cache file:" (new Error("", "(unknown module)"))
1624451961570	Marionette	INFO	Listening on port 51702
1624451962043	Marionette	WARN	TLS certificate errors will be ignored for this session
JavaScript error: , line 0: NS_ERROR_NOT_AVAILABLE
1:51743
1624451974388	mozrunner::runner	INFO	Running command: "C:\\Program Files\\Mozilla Firefox\\firefox.exe" "--marionette" "-headless" "-foreground" "-no-remote" "-profile" "C:\\Users\\Jordan\\AppData\\Local\\Temp\\rust_mozprofilekhhooC"
*** You are running in headless mode.
JavaScript error: resource://gre/modules/XULStore.jsm, line 66: Error: Can't find profile directory.
console.error: SearchCache: "_readCacheFile: Error reading cache file:" (new Error("", "(unknown module)"))
1624451975943	Marionette	INFO	Listening on port 51751
1624451976428	Marionette	WARN	TLS certificate errors will be ignored for this session
JavaScript error: , line 0: NS_ERROR_NOT_AVAILABLE
1:62863
1624452118110	mozrunner::runner	INFO	Running command: "C:\\Program Files\\Mozilla Firefox\\firefox.exe" "--marionette" "-headless" "-foreground" "-no-remote" "-profile" "C:\\Users\\Jordan\\AppData\\Local\\Temp\\rust_mozprofileaU5eyi"
*** You are running in headless mode.
JavaScript error: resource://gre/modules/XULStore.jsm, line 66: Error: Can't find profile directory.
console.error: SearchCache: "_readCacheFile: Error reading cache file:" (new Error("", "(unknown module)"))
1624452120302	Marionette	INFO	Listening on port 62871
1624452120775	Marionette	WARN	TLS certificate errors will be ignored for this session
JavaScript error: , line 0: NS_ERROR_NOT_AVAILABLE
1:53220
1624452324849	mozrunner::runner	INFO	Running command: "C:\\Program Files\\Mozilla Firefox\\firefox.exe" "--marionette" "-headless" "-foreground" "-no-remote" "-profile" "C:\\Users\\Jordan\\AppData\\Local\\Temp\\rust_mozprofilenv6mvf"
*** You are running in headless mode.
JavaScript error: resource://gre/modules/XULStore.jsm, line 66: Error: Can't find profile directory.
console.error: SearchCache: "_readCacheFile: Error reading cache file:" (new Error("", "(unknown module)"))
1624452327147	Marionette	INFO	Listening on port 53228
1624452327529	Marionette	WARN	TLS certificate errors will be ignored for this session
JavaScript error: , line 0: NS_ERROR_NOT_AVAILABLE
1624461277005	geckodriver	INFO	Listening on 127.0.0.1:57099
1624461280081	mozrunner::runner	INFO	Running command: "C:\\Program Files\\Mozilla Firefox\\firefox.exe" "--marionette" "-headless" "-foreground" "-no-remote" "-profile" "C:\\Users\\Jordan\\AppData\\Local\\Temp\\rust_mozprofile9XFRRZ"
*** You are running in headless mode.
JavaScript error: resource://gre/modules/XULStore.jsm, line 66: Error: Can't find profile directory.
console.error: SearchCache: "_readCacheFile: Error reading cache file:" (new Error("", "(unknown module)"))
1624461282286	Marionette	INFO	Listening on port 57107
1624461282771	Marionette	WARN	TLS certificate errors will be ignored for this session
JavaScript error: , line 0: NS_ERROR_NOT_AVAILABLE
1:60871
1624461470303	mozrunner::runner	INFO	Running command: "C:\\Program Files\\Mozilla Firefox\\firefox.exe" "--marionette" "-headless" "-foreground" "-no-remote" "-profile" "C:\\Users\\Jordan\\AppData\\Local\\Temp\\rust_mozprofileOZkMqf"
*** You are running in headless mode.
JavaScript error: resource://gre/modules/XULStore.jsm, line 66: Error: Can't find profile directory.
console.error: SearchCache: "_readCacheFile: Error reading cache file:" (new Error("", "(unknown module)"))
1624461472292	Marionette	INFO	Listening on port 60879
1624461472387	Marionette	WARN	TLS certificate errors will be ignored for this session
JavaScript error: https://cdn.suitsupply.com/apps/webstore/207687-Smdd2a0J1U/js/search.js, line 1: ChunkLoadError: Loading chunk 47 failed.
(error: https://cdn.suitsupply.com/apps/webstore/207687-Smdd2a0J1U/productWizard.chunk.js)
JavaScript error: https://cdn.suitsupply.com/apps/webstore/207687-Smdd2a0J1U/js/search.js, line 1: ChunkLoadError: Loading chunk 1 failed.
(error: https://cdn.suitsupply.com/apps/webstore/207687-Smdd2a0J1U/vendors~plpSearch~searchPage~video.chunk.js)
JavaScript error: https://cdn.suitsupply.com/apps/webstore/207687-Smdd2a0J1U/js/search.js, line 1: ChunkLoadError: Loading chunk 1 failed.
(error: https://cdn.suitsupply.com/apps/webstore/207687-Smdd2a0J1U/vendors~plpSearch~searchPage~video.chunk.js)
JavaScript error: , line 0: NS_ERROR_NOT_AVAILABLE
1:58649
1624461724408	mozrunner::runner	INFO	Running command: "C:\\Program Files\\Mozilla Firefox\\firefox.exe" "--marionette" "-headless" "-foreground" "-no-remote" "-profile" "C:\\Users\\Jordan\\AppData\\Local\\Temp\\rust_mozprofilevxg4U2"
*** You are running in headless mode.
JavaScript error: resource://gre/modules/XULStore.jsm, line 66: Error: Can't find profile directory.
console.error: SearchCache: "_readCacheFile: Error reading cache file:" (new Error("", "(unknown module)"))
1624461726953	Marionette	INFO	Listening on port 58658
1624461727065	Marionette	WARN	TLS certificate errors will be ignored for this session
JavaScript error: , line 0: NS_ERROR_NOT_AVAILABLE
1:58743
1624461804435	mozrunner::runner	INFO	Running command: "C:\\Program Files\\Mozilla Firefox\\firefox.exe" "--marionette" "-headless" "-foreground" "-no-remote" "-profile" "C:\\Users\\Jordan\\AppData\\Local\\Temp\\rust_mozprofileo6eX9X"
*** You are running in headless mode.
JavaScript error: resource://gre/modules/XULStore.jsm, line 66: Error: Can't find profile directory.
console.error: SearchCache: "_readCacheFile: Error reading cache file:" (new Error("", "(unknown module)"))
1624461806592	Marionette	INFO	Listening on port 58751
1624461807098	Marionette	WARN	TLS certificate errors will be ignored for this session
JavaScript error: https://cdn.suitsupply.com/apps/webstore/207687-Smdd2a0J1U/js/search.js, line 1: ChunkLoadError: Loading chunk 47 failed.
(error: https://cdn.suitsupply.com/apps/webstore/207687-Smdd2a0J1U/productWizard.chunk.js)
JavaScript error: https://cdn.suitsupply.com/apps/webstore/207687-Smdd2a0J1U/js/search.js, line 1: ChunkLoadError: Loading chunk 1 failed.
(error: https://cdn.suitsupply.com/apps/webstore/207687-Smdd2a0J1U/vendors~plpSearch~searchPage~video.chunk.js)
JavaScript error: https://cdn.suitsupply.com/apps/webstore/207687-Smdd2a0J1U/js/search.js, line 1: ChunkLoadError: Loading chunk 1 failed.
(error: https://cdn.suitsupply.com/apps/webstore/207687-Smdd2a0J1U/vendors~plpSearch~searchPage~video.chunk.js)
JavaScript error: , line 0: NS_ERROR_NOT_AVAILABLE
1:51105
1624461880484	mozrunner::runner	INFO	Running command: "C:\\Program Files\\Mozilla Firefox\\firefox.exe" "--marionette" "-headless" "-foreground" "-no-remote" "-profile" "C:\\Users\\Jordan\\AppData\\Local\\Temp\\rust_mozprofilerROkL4"
*** You are running in headless mode.
JavaScript error: resource://gre/modules/XULStore.jsm, line 66: Error: Can't find profile directory.
console.error: SearchCache: "_readCacheFile: Error reading cache file:" (new Error("", "(unknown module)"))
1624461882459	Marionette	INFO	Listening on port 51113
1624461882559	Marionette	WARN	TLS certificate errors will be ignored for this session
JavaScript error: , line 0: NS_ERROR_NOT_AVAILABLE
1:59673
1624461918136	mozrunner::runner	INFO	Running command: "C:\\Program Files\\Mozilla Firefox\\firefox.exe" "--marionette" "-headless" "-foreground" "-no-remote" "-profile" "C:\\Users\\Jordan\\AppData\\Local\\Temp\\rust_mozprofilen8BPDH"
*** You are running in headless mode.
JavaScript error: resource://gre/modules/XULStore.jsm, line 66: Error: Can't find profile directory.
console.error: SearchCache: "_readCacheFile: Error reading cache file:" (new Error("", "(unknown module)"))
1624461919745	Marionette	INFO	Listening on port 59681
1624461920191	Marionette	WARN	TLS certificate errors will be ignored for this session
JavaScript error: , line 0: NS_ERROR_NOT_AVAILABLE
1:59757
1624461948024	mozrunner::runner	INFO	Running command: "C:\\Program Files\\Mozilla Firefox\\firefox.exe" "--marionette" "-headless" "-foreground" "-no-remote" "-profile" "C:\\Users\\Jordan\\AppData\\Local\\Temp\\rust_mozprofileQNf0mr"
*** You are running in headless mode.
JavaScript error: resource://gre/modules/XULStore.jsm, line 66: Error: Can't find profile directory.
console.error: SearchCache: "_readCacheFile: Error reading cache file:" (new Error("", "(unknown module)"))
1624461950051	Marionette	INFO	Listening on port 59765
1624461950087	Marionette	WARN	TLS certificate errors will be ignored for this session
JavaScript error: https://cdn.suitsupply.com/apps/webstore/207687-Smdd2a0J1U/js/search.js, line 1: ChunkLoadError: Loading chunk 47 failed.
(error: https://cdn.suitsupply.com/apps/webstore/207687-Smdd2a0J1U/productWizard.chunk.js)
JavaScript error: https://cdn.suitsupply.com/apps/webstore/207687-Smdd2a0J1U/js/search.js, line 1: ChunkLoadError: Loading chunk 1 failed.
(error: https://cdn.suitsupply.com/apps/webstore/207687-Smdd2a0J1U/vendors~plpSearch~searchPage~video.chunk.js)
JavaScript error: https://cdn.suitsupply.com/apps/webstore/207687-Smdd2a0J1U/js/search.js, line 1: ChunkLoadError: Loading chunk 1 failed.
(error: https://cdn.suitsupply.com/apps/webstore/207687-Smdd2a0J1U/vendors~plpSearch~searchPage~video.chunk.js)
JavaScript error: , line 0: NS_ERROR_NOT_AVAILABLE
1:59843
1624461966094	mozrunner::runner	INFO	Running command: "C:\\Program Files\\Mozilla Firefox\\firefox.exe" "--marionette" "-headless" "-foreground" "-no-remote" "-profile" "C:\\Users\\Jordan\\AppData\\Local\\Temp\\rust_mozprofile3L4DDV"
*** You are running in headless mode.
JavaScript error: resource://gre/modules/XULStore.jsm, line 66: Error: Can't find profile directory.
console.error: SearchCache: "_readCacheFile: Error reading cache file:" (new Error("", "(unknown module)"))
1624461968145	Marionette	INFO	Listening on port 59851
1624461968177	Marionette	WARN	TLS certificate errors will be ignored for this session
JavaScript error: https://cdn.suitsupply.com/apps/webstore/207687-Smdd2a0J1U/js/search.js, line 1: ChunkLoadError: Loading chunk 47 failed.
(error: https://cdn.suitsupply.com/apps/webstore/207687-Smdd2a0J1U/productWizard.chunk.js)
JavaScript error: https://cdn.suitsupply.com/apps/webstore/207687-Smdd2a0J1U/js/search.js, line 1: ChunkLoadError: Loading chunk 1 failed.
(error: https://cdn.suitsupply.com/apps/webstore/207687-Smdd2a0J1U/vendors~plpSearch~searchPage~video.chunk.js)
JavaScript error: https://cdn.suitsupply.com/apps/webstore/207687-Smdd2a0J1U/js/search.js, line 1: ChunkLoadError: Loading chunk 1 failed.
(error: https://cdn.suitsupply.com/apps/webstore/207687-Smdd2a0J1U/vendors~plpSearch~searchPage~video.chunk.js)
JavaScript error: , line 0: NS_ERROR_NOT_AVAILABLE
1:59961
1624462085260	mozrunner::runner	INFO	Running command: "C:\\Program Files\\Mozilla Firefox\\firefox.exe" "--marionette" "-headless" "-foreground" "-no-remote" "-profile" "C:\\Users\\Jordan\\AppData\\Local\\Temp\\rust_mozprofilejEEsCZ"
*** You are running in headless mode.
JavaScript error: resource://gre/modules/XULStore.jsm, line 66: Error: Can't find profile directory.
console.error: SearchCache: "_readCacheFile: Error reading cache file:" (new Error("", "(unknown module)"))
1624462086902	Marionette	INFO	Listening on port 59969
1624462087360	Marionette	WARN	TLS certificate errors will be ignored for this session
JavaScript error: https://cdn.suitsupply.com/apps/webstore/207687-Smdd2a0J1U/js/search.js, line 1: ChunkLoadError: Loading chunk 47 failed.
(error: https://cdn.suitsupply.com/apps/webstore/207687-Smdd2a0J1U/productWizard.chunk.js)
JavaScript error: https://cdn.suitsupply.com/apps/webstore/207687-Smdd2a0J1U/js/search.js, line 1: ChunkLoadError: Loading chunk 1 failed.
(error: https://cdn.suitsupply.com/apps/webstore/207687-Smdd2a0J1U/vendors~plpSearch~searchPage~video.chunk.js)
JavaScript error: https://cdn.suitsupply.com/apps/webstore/207687-Smdd2a0J1U/js/search.js, line 1: ChunkLoadError: Loading chunk 1 failed.
(error: https://cdn.suitsupply.com/apps/webstore/207687-Smdd2a0J1U/vendors~plpSearch~searchPage~video.chunk.js)
JavaScript error: , line 0: NS_ERROR_NOT_AVAILABLE
1:60024
1624462295299	mozrunner::runner	INFO	Running command: "C:\\Program Files\\Mozilla Firefox\\firefox.exe" "--marionette" "-headless" "-foreground" "-no-remote" "-profile" "C:\\Users\\Jordan\\AppData\\Local\\Temp\\rust_mozprofile1Uir8G"
*** You are running in headless mode.
JavaScript error: resource://gre/modules/XULStore.jsm, line 66: Error: Can't find profile directory.
console.error: SearchCache: "_readCacheFile: Error reading cache file:" (new Error("", "(unknown module)"))
1624462297500	Marionette	INFO	Listening on port 60038
1624462297960	Marionette	WARN	TLS certificate errors will be ignored for this session
JavaScript error: https://cdn.suitsupply.com/apps/webstore/207687-Smdd2a0J1U/js/search.js, line 1: ChunkLoadError: Loading chunk 49 failed.
(error: https://cdn.suitsupply.com/apps/webstore/207687-Smdd2a0J1U/searchPage.chunk.js)
JavaScript error: https://cdn.suitsupply.com/apps/webstore/207687-Smdd2a0J1U/js/search.js, line 1: ChunkLoadError: Loading chunk 1 failed.
(error: https://cdn.suitsupply.com/apps/webstore/207687-Smdd2a0J1U/vendors~plpSearch~searchPage~video.chunk.js)
JavaScript error: https://cdn.suitsupply.com/apps/webstore/207687-Smdd2a0J1U/js/search.js, line 1: ChunkLoadError: Loading chunk 47 failed.
(error: https://cdn.suitsupply.com/apps/webstore/207687-Smdd2a0J1U/productWizard.chunk.js)
JavaScript error: , line 0: NS_ERROR_NOT_AVAILABLE
1:60130
1624462359267	mozrunner::runner	INFO	Running command: "C:\\Program Files\\Mozilla Firefox\\firefox.exe" "--marionette" "-headless" "-foreground" "-no-remote" "-profile" "C:\\Users\\Jordan\\AppData\\Local\\Temp\\rust_mozprofileKQ6AgJ"
*** You are running in headless mode.
JavaScript error: resource://gre/modules/XULStore.jsm, line 66: Error: Can't find profile directory.
console.error: SearchCache: "_readCacheFile: Error reading cache file:" (new Error("", "(unknown module)"))
1624462361221	Marionette	INFO	Listening on port 60140
1624462361318	Marionette	WARN	TLS certificate errors will be ignored for this session
JavaScript error: , line 0: NS_ERROR_NOT_AVAILABLE
1:60181
1624462394771	mozrunner::runner	INFO	Running command: "C:\\Program Files\\Mozilla Firefox\\firefox.exe" "--marionette" "-headless" "-foreground" "-no-remote" "-profile" "C:\\Users\\Jordan\\AppData\\Local\\Temp\\rust_mozprofile9imnZS"
*** You are running in headless mode.
JavaScript error: resource://gre/modules/XULStore.jsm, line 66: Error: Can't find profile directory.
console.error: SearchCache: "_readCacheFile: Error reading cache file:" (new Error("", "(unknown module)"))
1624462396321	Marionette	INFO	Listening on port 60189
1624462396829	Marionette	WARN	TLS certificate errors will be ignored for this session
JavaScript error: https://cdn.suitsupply.com/apps/webstore/207687-Smdd2a0J1U/js/main.js, line 1: ChunkLoadError: Loading chunk 45 failed.
(error: https://cdn.suitsupply.com/apps/webstore/207687-Smdd2a0J1U/overlaySidebar.chunk.js)
JavaScript error: https://cdn.suitsupply.com/apps/webstore/207687-Smdd2a0J1U/js/main.js, line 1: ChunkLoadError: Loading chunk 53 failed.
(error: https://cdn.suitsupply.com/apps/webstore/207687-Smdd2a0J1U/vendors~slick-carousel.chunk.js)
JavaScript error: , line 0: NS_ERROR_NOT_AVAILABLE
1:56697
1624462736976	mozrunner::runner	INFO	Running command: "C:\\Program Files\\Mozilla Firefox\\firefox.exe" "--marionette" "-headless" "-foreground" "-no-remote" "-profile" "C:\\Users\\Jordan\\AppData\\Local\\Temp\\rust_mozprofileXIsWf1"
*** You are running in headless mode.
JavaScript error: resource://gre/modules/XULStore.jsm, line 66: Error: Can't find profile directory.
console.error: SearchCache: "_readCacheFile: Error reading cache file:" (new Error("", "(unknown module)"))
1624462739186	Marionette	INFO	Listening on port 56705
1624462739655	Marionette	WARN	TLS certificate errors will be ignored for this session
JavaScript error: https://cdn.suitsupply.com/apps/webstore/207687-Smdd2a0J1U/js/search.js, line 1: ChunkLoadError: Loading chunk 49 failed.
(error: https://cdn.suitsupply.com/apps/webstore/207687-Smdd2a0J1U/searchPage.chunk.js)
JavaScript error: https://cdn.suitsupply.com/apps/webstore/207687-Smdd2a0J1U/js/search.js, line 1: ChunkLoadError: Loading chunk 54 failed.
(error: https://cdn.suitsupply.com/apps/webstore/207687-Smdd2a0J1U/video.chunk.js)
JavaScript error: https://cdn.suitsupply.com/apps/webstore/207687-Smdd2a0J1U/js/search.js, line 1: ChunkLoadError: Loading chunk 47 failed.
(error: https://cdn.suitsupply.com/apps/webstore/207687-Smdd2a0J1U/productWizard.chunk.js)
JavaScript error: , line 0: NS_ERROR_NOT_AVAILABLE
1:56802
1624462828048	mozrunner::runner	INFO	Running command: "C:\\Program Files\\Mozilla Firefox\\firefox.exe" "--marionette" "-headless" "-foreground" "-no-remote" "-profile" "C:\\Users\\Jordan\\AppData\\Local\\Temp\\rust_mozprofile9mGlLP"
*** You are running in headless mode.
JavaScript error: resource://gre/modules/XULStore.jsm, line 66: Error: Can't find profile directory.
console.error: SearchCache: "_readCacheFile: Error reading cache file:" (new Error("", "(unknown module)"))
1624462830142	Marionette	INFO	Listening on port 56810
1624462830211	Marionette	WARN	TLS certificate errors will be ignored for this session
JavaScript error: https://cdn.suitsupply.com/apps/webstore/207687-Smdd2a0J1U/js/search.js, line 1: ChunkLoadError: Loading chunk 47 failed.
(error: https://cdn.suitsupply.com/apps/webstore/207687-Smdd2a0J1U/productWizard.chunk.js)
JavaScript error: https://cdn.suitsupply.com/apps/webstore/207687-Smdd2a0J1U/js/search.js, line 1: ChunkLoadError: Loading chunk 1 failed.
(error: https://cdn.suitsupply.com/apps/webstore/207687-Smdd2a0J1U/vendors~plpSearch~searchPage~video.chunk.js)
JavaScript error: https://cdn.suitsupply.com/apps/webstore/207687-Smdd2a0J1U/js/search.js, line 1: ChunkLoadError: Loading chunk 1 failed.
(error: https://cdn.suitsupply.com/apps/webstore/207687-Smdd2a0J1U/vendors~plpSearch~searchPage~video.chunk.js)
JavaScript error: , line 0: NS_ERROR_NOT_AVAILABLE
1:65461
1624463513886	mozrunner::runner	INFO	Running command: "C:\\Program Files\\Mozilla Firefox\\firefox.exe" "--marionette" "-headless" "-foreground" "-no-remote" "-profile" "C:\\Users\\Jordan\\AppData\\Local\\Temp\\rust_mozprofilenqe9hK"
*** You are running in headless mode.
JavaScript error: resource://gre/modules/XULStore.jsm, line 66: Error: Can't find profile directory.
console.error: SearchCache: "_readCacheFile: Error reading cache file:" (new Error("", "(unknown module)"))
1624463515817	Marionette	INFO	Listening on port 65469
1624463515929	Marionette	WARN	TLS certificate errors will be ignored for this session
JavaScript error: https://cdn.suitsupply.com/apps/webstore/207687-Smdd2a0J1U/js/search.js, line 1: ChunkLoadError: Loading chunk 47 failed.
(error: https://cdn.suitsupply.com/apps/webstore/207687-Smdd2a0J1U/productWizard.chunk.js)
JavaScript error: https://cdn.suitsupply.com/apps/webstore/207687-Smdd2a0J1U/js/search.js, line 1: ChunkLoadError: Loading chunk 49 failed.
(error: https://cdn.suitsupply.com/apps/webstore/207687-Smdd2a0J1U/searchPage.chunk.js)
JavaScript error: https://cdn.suitsupply.com/apps/webstore/207687-Smdd2a0J1U/js/search.js, line 1: ChunkLoadError: Loading chunk 54 failed.
(error: https://cdn.suitsupply.com/apps/webstore/207687-Smdd2a0J1U/video.chunk.js)
JavaScript error: , line 0: NS_ERROR_NOT_AVAILABLE
1:53264
1624463637998	mozrunner::runner	INFO	Running command: "C:\\Program Files\\Mozilla Firefox\\firefox.exe" "--marionette" "-headless" "-foreground" "-no-remote" "-profile" "C:\\Users\\Jordan\\AppData\\Local\\Temp\\rust_mozprofilekph40R"
*** You are running in headless mode.
JavaScript error: resource://gre/modules/XULStore.jsm, line 66: Error: Can't find profile directory.
console.error: SearchCache: "_readCacheFile: Error reading cache file:" (new Error("", "(unknown module)"))
1624463640207	Marionette	INFO	Listening on port 53272
1624463640670	Marionette	WARN	TLS certificate errors will be ignored for this session
JavaScript error: , line 0: NS_ERROR_NOT_AVAILABLE
1:50016
1624464032723	mozrunner::runner	INFO	Running command: "C:\\Program Files\\Mozilla Firefox\\firefox.exe" "--marionette" "-headless" "-foreground" "-no-remote" "-profile" "C:\\Users\\Jordan\\AppData\\Local\\Temp\\rust_mozprofileM2L6xN"
*** You are running in headless mode.
JavaScript error: resource://gre/modules/XULStore.jsm, line 66: Error: Can't find profile directory.
console.error: SearchCache: "_readCacheFile: Error reading cache file:" (new Error("", "(unknown module)"))
1624464034783	Marionette	INFO	Listening on port 50024
1624464034887	Marionette	WARN	TLS certificate errors will be ignored for this session
JavaScript error: https://cdn.suitsupply.com/apps/webstore/207687-Smdd2a0J1U/js/search.js, line 1: ChunkLoadError: Loading chunk 47 failed.
(error: https://cdn.suitsupply.com/apps/webstore/207687-Smdd2a0J1U/productWizard.chunk.js)
JavaScript error: https://cdn.suitsupply.com/apps/webstore/207687-Smdd2a0J1U/js/search.js, line 1: ChunkLoadError: Loading chunk 1 failed.
(error: https://cdn.suitsupply.com/apps/webstore/207687-Smdd2a0J1U/vendors~plpSearch~searchPage~video.chunk.js)
JavaScript error: https://cdn.suitsupply.com/apps/webstore/207687-Smdd2a0J1U/js/search.js, line 1: ChunkLoadError: Loading chunk 1 failed.
(error: https://cdn.suitsupply.com/apps/webstore/207687-Smdd2a0J1U/vendors~plpSearch~searchPage~video.chunk.js)
JavaScript error: , line 0: NS_ERROR_NOT_AVAILABLE
1:50116
1624464124910	mozrunner::runner	INFO	Running command: "C:\\Program Files\\Mozilla Firefox\\firefox.exe" "--marionette" "-headless" "-foreground" "-no-remote" "-profile" "C:\\Users\\Jordan\\AppData\\Local\\Temp\\rust_mozprofilehoIwZ0"
*** You are running in headless mode.
JavaScript error: resource://gre/modules/XULStore.jsm, line 66: Error: Can't find profile directory.
console.error: SearchCache: "_readCacheFile: Error reading cache file:" (new Error("", "(unknown module)"))
1624464127050	Marionette	INFO	Listening on port 50124
1624464127089	Marionette	WARN	TLS certificate errors will be ignored for this session
JavaScript error: https://cdn.suitsupply.com/apps/webstore/207687-Smdd2a0J1U/js/main.js, line 1: ChunkLoadError: Loading chunk 45 failed.
(error: https://cdn.suitsupply.com/apps/webstore/207687-Smdd2a0J1U/overlaySidebar.chunk.js)
JavaScript error: https://cdn.suitsupply.com/apps/webstore/207687-Smdd2a0J1U/js/search.js, line 1: ChunkLoadError: Loading chunk 49 failed.
(error: https://cdn.suitsupply.com/apps/webstore/207687-Smdd2a0J1U/searchPage.chunk.js)
JavaScript error: https://cdn.suitsupply.com/apps/webstore/207687-Smdd2a0J1U/js/search.js, line 1: ChunkLoadError: Loading chunk 47 failed.
(error: https://cdn.suitsupply.com/apps/webstore/207687-Smdd2a0J1U/productWizard.chunk.js)
JavaScript error: https://cdn.suitsupply.com/apps/webstore/207687-Smdd2a0J1U/js/main.js, line 1: ChunkLoadError: Loading chunk 53 failed.
(error: https://cdn.suitsupply.com/apps/webstore/207687-Smdd2a0J1U/vendors~slick-carousel.chunk.js)
JavaScript error: https://cdn.suitsupply.com/apps/webstore/207687-Smdd2a0J1U/js/search.js, line 1: ChunkLoadError: Loading chunk 1 failed.
(error: https://cdn.suitsupply.com/apps/webstore/207687-Smdd2a0J1U/vendors~plpSearch~searchPage~video.chunk.js)
JavaScript error: , line 0: NS_ERROR_NOT_AVAILABLE
1:58429
1624464317851	mozrunner::runner	INFO	Running command: "C:\\Program Files\\Mozilla Firefox\\firefox.exe" "--marionette" "-headless" "-foreground" "-no-remote" "-profile" "C:\\Users\\Jordan\\AppData\\Local\\Temp\\rust_mozprofileSKrgW3"
*** You are running in headless mode.
JavaScript error: resource://gre/modules/XULStore.jsm, line 66: Error: Can't find profile directory.
console.error: SearchCache: "_readCacheFile: Error reading cache file:" (new Error("", "(unknown module)"))
1624464319693	Marionette	INFO	Listening on port 58437
1624464319905	Marionette	WARN	TLS certificate errors will be ignored for this session
JavaScript error: , line 0: NS_ERROR_NOT_AVAILABLE
1:58478
1624464369362	mozrunner::runner	INFO	Running command: "C:\\Program Files\\Mozilla Firefox\\firefox.exe" "--marionette" "-headless" "-foreground" "-no-remote" "-profile" "C:\\Users\\Jordan\\AppData\\Local\\Temp\\rust_mozprofileorro6I"
*** You are running in headless mode.
JavaScript error: resource://gre/modules/XULStore.jsm, line 66: Error: Can't find profile directory.
console.error: SearchCache: "_readCacheFile: Error reading cache file:" (new Error("", "(unknown module)"))
1624464371655	Marionette	INFO	Listening on port 58486
1624464372023	Marionette	WARN	TLS certificate errors will be ignored for this session
JavaScript error: https://cdn.suitsupply.com/apps/webstore/207687-Smdd2a0J1U/js/search.js, line 1: ChunkLoadError: Loading chunk 2 failed.
(error: https://cdn.suitsupply.com/apps/webstore/207687-Smdd2a0J1U/plpSearch.chunk.js)
JavaScript error: https://cdn.suitsupply.com/apps/webstore/207687-Smdd2a0J1U/js/search.js, line 1: ChunkLoadError: Loading chunk 54 failed.
(error: https://cdn.suitsupply.com/apps/webstore/207687-Smdd2a0J1U/video.chunk.js)
JavaScript error: https://cdn.suitsupply.com/apps/webstore/207687-Smdd2a0J1U/js/search.js, line 1: ChunkLoadError: Loading chunk 47 failed.
(error: https://cdn.suitsupply.com/apps/webstore/207687-Smdd2a0J1U/productWizard.chunk.js)
JavaScript error: , line 0: NS_ERROR_NOT_AVAILABLE
1:57954
1624464419093	mozrunner::runner	INFO	Running command: "C:\\Program Files\\Mozilla Firefox\\firefox.exe" "--marionette" "-headless" "-foreground" "-no-remote" "-profile" "C:\\Users\\Jordan\\AppData\\Local\\Temp\\rust_mozprofilefVs2ip"
*** You are running in headless mode.
JavaScript error: resource://gre/modules/XULStore.jsm, line 66: Error: Can't find profile directory.
console.error: SearchCache: "_readCacheFile: Error reading cache file:" (new Error("", "(unknown module)"))
1624464421263	Marionette	INFO	Listening on port 57962
1624464421773	Marionette	WARN	TLS certificate errors will be ignored for this session
JavaScript error: https://cdn.suitsupply.com/apps/webstore/207687-Smdd2a0J1U/js/main.js, line 1: ChunkLoadError: Loading chunk 45 failed.
(error: https://cdn.suitsupply.com/apps/webstore/207687-Smdd2a0J1U/overlaySidebar.chunk.js)
JavaScript error: https://cdn.suitsupply.com/apps/webstore/207687-Smdd2a0J1U/js/main.js, line 1: ChunkLoadError: Loading chunk 53 failed.
(error: https://cdn.suitsupply.com/apps/webstore/207687-Smdd2a0J1U/vendors~slick-carousel.chunk.js)
JavaScript error: , line 0: NS_ERROR_NOT_AVAILABLE
1:58052
1624464464727	mozrunner::runner	INFO	Running command: "C:\\Program Files\\Mozilla Firefox\\firefox.exe" "--marionette" "-headless" "-foreground" "-no-remote" "-profile" "C:\\Users\\Jordan\\AppData\\Local\\Temp\\rust_mozprofilecb9VsG"
*** You are running in headless mode.
JavaScript error: resource://gre/modules/XULStore.jsm, line 66: Error: Can't find profile directory.
console.error: SearchCache: "_readCacheFile: Error reading cache file:" (new Error("", "(unknown module)"))
1624464466558	Marionette	INFO	Listening on port 58061
1624464466781	Marionette	WARN	TLS certificate errors will be ignored for this session
JavaScript error: https://cdn.suitsupply.com/apps/webstore/207687-Smdd2a0J1U/js/main.js, line 1: ChunkLoadError: Loading chunk 45 failed.
(error: https://cdn.suitsupply.com/apps/webstore/207687-Smdd2a0J1U/overlaySidebar.chunk.js)
JavaScript error: https://cdn.suitsupply.com/apps/webstore/207687-Smdd2a0J1U/js/main.js, line 1: ChunkLoadError: Loading chunk 53 failed.
(error: https://cdn.suitsupply.com/apps/webstore/207687-Smdd2a0J1U/vendors~slick-carousel.chunk.js)
JavaScript error: , line 0: NS_ERROR_NOT_AVAILABLE
1:61323
1624464829310	mozrunner::runner	INFO	Running command: "C:\\Program Files\\Mozilla Firefox\\firefox.exe" "--marionette" "-headless" "-foreground" "-no-remote" "-profile" "C:\\Users\\Jordan\\AppData\\Local\\Temp\\rust_mozprofileAF2xF4"
*** You are running in headless mode.
JavaScript error: resource://gre/modules/XULStore.jsm, line 66: Error: Can't find profile directory.
console.error: SearchCache: "_readCacheFile: Error reading cache file:" (new Error("", "(unknown module)"))
1624464831792	Marionette	INFO	Listening on port 61333
1624464831983	Marionette	WARN	TLS certificate errors will be ignored for this session
JavaScript error: https://cdn.suitsupply.com/apps/webstore/207687-Smdd2a0J1U/js/main.js, line 1: ChunkLoadError: Loading chunk 45 failed.
(error: https://cdn.suitsupply.com/apps/webstore/207687-Smdd2a0J1U/overlaySidebar.chunk.js)
JavaScript error: https://cdn.suitsupply.com/apps/webstore/207687-Smdd2a0J1U/js/main.js, line 1: ChunkLoadError: Loading chunk 53 failed.
(error: https://cdn.suitsupply.com/apps/webstore/207687-Smdd2a0J1U/vendors~slick-carousel.chunk.js)
JavaScript error: , line 0: NS_ERROR_NOT_AVAILABLE
1:57854
1624465105715	mozrunner::runner	INFO	Running command: "C:\\Program Files\\Mozilla Firefox\\firefox.exe" "--marionette" "-headless" "-foreground" "-no-remote" "-profile" "C:\\Users\\Jordan\\AppData\\Local\\Temp\\rust_mozprofileyL3KAQ"
*** You are running in headless mode.
JavaScript error: resource://gre/modules/XULStore.jsm, line 66: Error: Can't find profile directory.
console.error: SearchCache: "_readCacheFile: Error reading cache file:" (new Error("", "(unknown module)"))
1624465107618	Marionette	INFO	Listening on port 57862
1624465107745	Marionette	WARN	TLS certificate errors will be ignored for this session
JavaScript error: https://cdn.suitsupply.com/apps/webstore/207687-Smdd2a0J1U/js/search.js, line 1: ChunkLoadError: Loading chunk 47 failed.
(error: https://cdn.suitsupply.com/apps/webstore/207687-Smdd2a0J1U/productWizard.chunk.js)
JavaScript error: https://cdn.suitsupply.com/apps/webstore/207687-Smdd2a0J1U/js/search.js, line 1: ChunkLoadError: Loading chunk 49 failed.
(error: https://cdn.suitsupply.com/apps/webstore/207687-Smdd2a0J1U/searchPage.chunk.js)
JavaScript error: https://cdn.suitsupply.com/apps/webstore/207687-Smdd2a0J1U/js/search.js, line 1: ChunkLoadError: Loading chunk 1 failed.
(error: https://cdn.suitsupply.com/apps/webstore/207687-Smdd2a0J1U/vendors~plpSearch~searchPage~video.chunk.js)
JavaScript error: , line 0: NS_ERROR_NOT_AVAILABLE
1:65171
1624465526032	mozrunner::runner	INFO	Running command: "C:\\Program Files\\Mozilla Firefox\\firefox.exe" "--marionette" "-headless" "-foreground" "-no-remote" "-profile" "C:\\Users\\Jordan\\AppData\\Local\\Temp\\rust_mozprofilefMgIiy"
*** You are running in headless mode.
JavaScript error: resource://gre/modules/XULStore.jsm, line 66: Error: Can't find profile directory.
console.error: SearchCache: "_readCacheFile: Error reading cache file:" (new Error("", "(unknown module)"))
1624465527911	Marionette	INFO	Listening on port 65179
1624465528075	Marionette	WARN	TLS certificate errors will be ignored for this session
JavaScript error: https://cdn.suitsupply.com/apps/webstore/207687-Smdd2a0J1U/js/main.js, line 1: ChunkLoadError: Loading chunk 45 failed.
(error: https://cdn.suitsupply.com/apps/webstore/207687-Smdd2a0J1U/overlaySidebar.chunk.js)
JavaScript error: https://cdn.suitsupply.com/apps/webstore/207687-Smdd2a0J1U/js/main.js, line 1: ChunkLoadError: Loading chunk 53 failed.
(error: https://cdn.suitsupply.com/apps/webstore/207687-Smdd2a0J1U/vendors~slick-carousel.chunk.js)
JavaScript error: , line 0: NS_ERROR_NOT_AVAILABLE
1:55321
1624465926774	mozrunner::runner	INFO	Running command: "C:\\Program Files\\Mozilla Firefox\\firefox.exe" "--marionette" "-headless" "-foreground" "-no-remote" "-profile" "C:\\Users\\Jordan\\AppData\\Local\\Temp\\rust_mozprofile8py7q1"
*** You are running in headless mode.
JavaScript error: resource://gre/modules/XULStore.jsm, line 66: Error: Can't find profile directory.
console.error: SearchCache: "_readCacheFile: Error reading cache file:" (new Error("", "(unknown module)"))
1624465928705	Marionette	INFO	Listening on port 55331
1624465928813	Marionette	WARN	TLS certificate errors will be ignored for this session
JavaScript error: https://cdn.suitsupply.com/apps/webstore/207687-Smdd2a0J1U/js/search.js, line 1: ChunkLoadError: Loading chunk 54 failed.
(error: https://cdn.suitsupply.com/apps/webstore/207687-Smdd2a0J1U/video.chunk.js)
JavaScript error: https://cdn.suitsupply.com/apps/webstore/207687-Smdd2a0J1U/js/search.js, line 1: ChunkLoadError: Loading chunk 49 failed.
(error: https://cdn.suitsupply.com/apps/webstore/207687-Smdd2a0J1U/searchPage.chunk.js)
JavaScript error: https://cdn.suitsupply.com/apps/webstore/207687-Smdd2a0J1U/js/search.js, line 1: ChunkLoadError: Loading chunk 47 failed.
(error: https://cdn.suitsupply.com/apps/webstore/207687-Smdd2a0J1U/productWizard.chunk.js)
JavaScript error: https://cdn.suitsupply.com/apps/webstore/207687-Smdd2a0J1U/js/search.js, line 1: ChunkLoadError: Loading chunk 47 failed.
(error: https://cdn.suitsupply.com/apps/webstore/207687-Smdd2a0J1U/productWizard.chunk.js)
JavaScript error: https://cdn.suitsupply.com/apps/webstore/207687-Smdd2a0J1U/js/search.js, line 1: ChunkLoadError: Loading chunk 1 failed.
(error: https://cdn.suitsupply.com/apps/webstore/207687-Smdd2a0J1U/vendors~plpSearch~searchPage~video.chunk.js)
JavaScript error: https://cdn.suitsupply.com/apps/webstore/207687-Smdd2a0J1U/js/search.js, line 1: ChunkLoadError: Loading chunk 1 failed.
(error: https://cdn.suitsupply.com/apps/webstore/207687-Smdd2a0J1U/vendors~plpSearch~searchPage~video.chunk.js)
JavaScript error: https://cdn.suitsupply.com/apps/webstore/207687-Smdd2a0J1U/js/search.js, line 1: ChunkLoadError: Loading chunk 54 failed.
(error: https://cdn.suitsupply.com/apps/webstore/207687-Smdd2a0J1U/video.chunk.js)
JavaScript error: https://cdn.suitsupply.com/apps/webstore/207687-Smdd2a0J1U/js/search.js, line 1: ChunkLoadError: Loading chunk 54 failed.
(error: https://cdn.suitsupply.com/apps/webstore/207687-Smdd2a0J1U/video.chunk.js)
JavaScript error: https://cdn.suitsupply.com/apps/webstore/207687-Smdd2a0J1U/js/search.js, line 1: ChunkLoadError: Loading chunk 54 failed.
(error: https://cdn.suitsupply.com/apps/webstore/207687-Smdd2a0J1U/video.chunk.js)
JavaScript error: https://cdn.suitsupply.com/apps/webstore/207687-Smdd2a0J1U/js/search.js, line 1: ChunkLoadError: Loading chunk 54 failed.
(error: https://cdn.suitsupply.com/apps/webstore/207687-Smdd2a0J1U/video.chunk.js)
JavaScript error: , line 0: NS_ERROR_NOT_AVAILABLE
1624466986381	geckodriver	INFO	Listening on 127.0.0.1:60789
1624466989432	mozrunner::runner	INFO	Running command: "C:\\Program Files\\Mozilla Firefox\\firefox.exe" "--marionette" "-headless" "-foreground" "-no-remote" "-profile" "C:\\Users\\Jordan\\AppData\\Local\\Temp\\rust_mozprofileaU9T96"
*** You are running in headless mode.
JavaScript error: resource://gre/modules/XULStore.jsm, line 66: Error: Can't find profile directory.
console.error: SearchCache: "_readCacheFile: Error reading cache file:" (new Error("", "(unknown module)"))
1624466991370	Marionette	INFO	Listening on port 60797
1624466991482	Marionette	WARN	TLS certificate errors will be ignored for this session
JavaScript error: https://cdn.suitsupply.com/apps/webstore/207687-Smdd2a0J1U/js/search.js, line 1: ChunkLoadError: Loading chunk 49 failed.
(error: https://cdn.suitsupply.com/apps/webstore/207687-Smdd2a0J1U/searchPage.chunk.js)
JavaScript error: https://cdn.suitsupply.com/apps/webstore/207687-Smdd2a0J1U/js/search.js, line 1: ChunkLoadError: Loading chunk 54 failed.
(error: https://cdn.suitsupply.com/apps/webstore/207687-Smdd2a0J1U/video.chunk.js)
JavaScript error: https://cdn.suitsupply.com/apps/webstore/207687-Smdd2a0J1U/js/search.js, line 1: ChunkLoadError: Loading chunk 47 failed.
(error: https://cdn.suitsupply.com/apps/webstore/207687-Smdd2a0J1U/productWizard.chunk.js)
JavaScript error: https://cdn.suitsupply.com/apps/webstore/207687-Smdd2a0J1U/js/search.js, line 1: ChunkLoadError: Loading chunk 47 failed.
(error: https://cdn.suitsupply.com/apps/webstore/207687-Smdd2a0J1U/productWizard.chunk.js)
JavaScript error: https://cdn.suitsupply.com/apps/webstore/207687-Smdd2a0J1U/js/search.js, line 1: ChunkLoadError: Loading chunk 1 failed.
(error: https://cdn.suitsupply.com/apps/webstore/207687-Smdd2a0J1U/vendors~plpSearch~searchPage~video.chunk.js)
JavaScript error: https://cdn.suitsupply.com/apps/webstore/207687-Smdd2a0J1U/js/search.js, line 1: ChunkLoadError: Loading chunk 1 failed.
(error: https://cdn.suitsupply.com/apps/webstore/207687-Smdd2a0J1U/vendors~plpSearch~searchPage~video.chunk.js)
JavaScript error: , line 0: NS_ERROR_NOT_AVAILABLE
1:61712
1624467100207	mozrunner::runner	INFO	Running command: "C:\\Program Files\\Mozilla Firefox\\firefox.exe" "--marionette" "-headless" "-foreground" "-no-remote" "-profile" "C:\\Users\\Jordan\\AppData\\Local\\Temp\\rust_mozprofileuUNts7"
*** You are running in headless mode.
JavaScript error: resource://gre/modules/XULStore.jsm, line 66: Error: Can't find profile directory.
console.error: SearchCache: "_readCacheFile: Error reading cache file:" (new Error("", "(unknown module)"))
1624467102160	Marionette	INFO	Listening on port 61720
1624467102246	Marionette	WARN	TLS certificate errors will be ignored for this session
JavaScript error: https://cdn.suitsupply.com/apps/webstore/207687-Smdd2a0J1U/js/main.js, line 1: ChunkLoadError: Loading chunk 45 failed.
(error: https://cdn.suitsupply.com/apps/webstore/207687-Smdd2a0J1U/overlaySidebar.chunk.js)
JavaScript error: https://cdn.suitsupply.com/apps/webstore/207687-Smdd2a0J1U/js/main.js, line 1: ChunkLoadError: Loading chunk 53 failed.
(error: https://cdn.suitsupply.com/apps/webstore/207687-Smdd2a0J1U/vendors~slick-carousel.chunk.js)
JavaScript error: https://cdn.suitsupply.com/apps/webstore/207687-Smdd2a0J1U/js/search.js, line 1: ChunkLoadError: Loading chunk 49 failed.
(error: https://cdn.suitsupply.com/apps/webstore/207687-Smdd2a0J1U/searchPage.chunk.js)
JavaScript error: https://cdn.suitsupply.com/apps/webstore/207687-Smdd2a0J1U/js/search.js, line 1: ChunkLoadError: Loading chunk 54 failed.
(error: https://cdn.suitsupply.com/apps/webstore/207687-Smdd2a0J1U/video.chunk.js)
JavaScript error: https://cdn.suitsupply.com/apps/webstore/207687-Smdd2a0J1U/js/search.js, line 1: ChunkLoadError: Loading chunk 47 failed.
(error: https://cdn.suitsupply.com/apps/webstore/207687-Smdd2a0J1U/productWizard.chunk.js)
JavaScript error: https://cdn.suitsupply.com/apps/webstore/207687-Smdd2a0J1U/js/main.js, line 1: ChunkLoadError: Loading chunk 45 failed.
(error: https://cdn.suitsupply.com/apps/webstore/207687-Smdd2a0J1U/overlaySidebar.chunk.js)
JavaScript error: https://cdn.suitsupply.com/apps/webstore/207687-Smdd2a0J1U/js/main.js, line 1: ChunkLoadError: Loading chunk 53 failed.
(error: https://cdn.suitsupply.com/apps/webstore/207687-Smdd2a0J1U/vendors~slick-carousel.chunk.js)
JavaScript error: , line 0: NS_ERROR_NOT_AVAILABLE
1:51873
1624467218676	mozrunner::runner	INFO	Running command: "C:\\Program Files\\Mozilla Firefox\\firefox.exe" "--marionette" "-headless" "-foreground" "-no-remote" "-profile" "C:\\Users\\Jordan\\AppData\\Local\\Temp\\rust_mozprofileJlrRl3"
*** You are running in headless mode.
JavaScript error: resource://gre/modules/XULStore.jsm, line 66: Error: Can't find profile directory.
console.error: SearchCache: "_readCacheFile: Error reading cache file:" (new Error("", "(unknown module)"))
1624467220807	Marionette	INFO	Listening on port 51881
1624467220848	Marionette	WARN	TLS certificate errors will be ignored for this session
JavaScript error: https://cdn.suitsupply.com/apps/webstore/207687-Smdd2a0J1U/js/search.js, line 1: ChunkLoadError: Loading chunk 47 failed.
(error: https://cdn.suitsupply.com/apps/webstore/207687-Smdd2a0J1U/productWizard.chunk.js)
JavaScript error: https://cdn.suitsupply.com/apps/webstore/207687-Smdd2a0J1U/js/search.js, line 1: ChunkLoadError: Loading chunk 54 failed.
(error: https://cdn.suitsupply.com/apps/webstore/207687-Smdd2a0J1U/video.chunk.js)
JavaScript error: https://cdn.suitsupply.com/apps/webstore/207687-Smdd2a0J1U/js/search.js, line 1: ChunkLoadError: Loading chunk 49 failed.
(error: https://cdn.suitsupply.com/apps/webstore/207687-Smdd2a0J1U/searchPage.chunk.js)
JavaScript error: , line 0: NS_ERROR_NOT_AVAILABLE
1:59498
1624467264408	mozrunner::runner	INFO	Running command: "C:\\Program Files\\Mozilla Firefox\\firefox.exe" "--marionette" "-headless" "-foreground" "-no-remote" "-profile" "C:\\Users\\Jordan\\AppData\\Local\\Temp\\rust_mozprofileAeDx6f"
*** You are running in headless mode.
JavaScript error: resource://gre/modules/XULStore.jsm, line 66: Error: Can't find profile directory.
console.error: SearchCache: "_readCacheFile: Error reading cache file:" (new Error("", "(unknown module)"))
1624467266379	Marionette	INFO	Listening on port 59506
1624467266447	Marionette	WARN	TLS certificate errors will be ignored for this session
JavaScript error: https://cdn.suitsupply.com/apps/webstore/207687-Smdd2a0J1U/js/search.js, line 1: ChunkLoadError: Loading chunk 47 failed.
(error: https://cdn.suitsupply.com/apps/webstore/207687-Smdd2a0J1U/productWizard.chunk.js)
JavaScript error: https://cdn.suitsupply.com/apps/webstore/207687-Smdd2a0J1U/js/search.js, line 1: ChunkLoadError: Loading chunk 2 failed.
(error: https://cdn.suitsupply.com/apps/webstore/207687-Smdd2a0J1U/plpSearch.chunk.js)
JavaScript error: https://cdn.suitsupply.com/apps/webstore/207687-Smdd2a0J1U/js/search.js, line 1: ChunkLoadError: Loading chunk 54 failed.
(error: https://cdn.suitsupply.com/apps/webstore/207687-Smdd2a0J1U/video.chunk.js)
JavaScript error: , line 0: NS_ERROR_NOT_AVAILABLE
1:65044
1624467460333	geckodriver	INFO	Listening on 127.0.0.1:65051
1624467463384	mozrunner::runner	INFO	Running command: "C:\\Program Files\\Mozilla Firefox\\firefox.exe" "--marionette" "-headless" "-foreground" "-no-remote" "-profile" "C:\\Users\\Jordan\\AppData\\Local\\Temp\\rust_mozprofilewnnb7s"
*** You are running in headless mode.
JavaScript error: resource://gre/modules/XULStore.jsm, line 66: Error: Can't find profile directory.
console.error: SearchCache: "_readCacheFile: Error reading cache file:" (new Error("", "(unknown module)"))
1624467465302	Marionette	INFO	Listening on port 65059
1624467465422	Marionette	WARN	TLS certificate errors will be ignored for this session
JavaScript error: https://cdn.suitsupply.com/apps/webstore/207687-Smdd2a0J1U/js/main.js, line 1: ChunkLoadError: Loading chunk 45 failed.
(error: https://cdn.suitsupply.com/apps/webstore/207687-Smdd2a0J1U/overlaySidebar.chunk.js)
JavaScript error: https://cdn.suitsupply.com/apps/webstore/207687-Smdd2a0J1U/js/main.js, line 1: ChunkLoadError: Loading chunk 53 failed.
(error: https://cdn.suitsupply.com/apps/webstore/207687-Smdd2a0J1U/vendors~slick-carousel.chunk.js)
JavaScript error: https://cdn.suitsupply.com/apps/webstore/207687-Smdd2a0J1U/js/search.js, line 1: ChunkLoadError: Loading chunk 47 failed.
(error: https://cdn.suitsupply.com/apps/webstore/207687-Smdd2a0J1U/productWizard.chunk.js)
JavaScript error: https://cdn.suitsupply.com/apps/webstore/207687-Smdd2a0J1U/js/search.js, line 1: ChunkLoadError: Loading chunk 1 failed.
(error: https://cdn.suitsupply.com/apps/webstore/207687-Smdd2a0J1U/vendors~plpSearch~searchPage~video.chunk.js)
JavaScript error: https://cdn.suitsupply.com/apps/webstore/207687-Smdd2a0J1U/js/search.js, line 1: ChunkLoadError: Loading chunk 1 failed.
(error: https://cdn.suitsupply.com/apps/webstore/207687-Smdd2a0J1U/vendors~plpSearch~searchPage~video.chunk.js)
JavaScript error: https://cdn.suitsupply.com/apps/webstore/207687-Smdd2a0J1U/js/main.js, line 1: ChunkLoadError: Loading chunk 53 failed.
(error: https://cdn.suitsupply.com/apps/webstore/207687-Smdd2a0J1U/vendors~slick-carousel.chunk.js)
JavaScript error: , line 0: NS_ERROR_NOT_AVAILABLE
1:53467
1624467840976	mozrunner::runner	INFO	Running command: "C:\\Program Files\\Mozilla Firefox\\firefox.exe" "--marionette" "-headless" "-foreground" "-no-remote" "-profile" "C:\\Users\\Jordan\\AppData\\Local\\Temp\\rust_mozprofileWtb91p"
*** You are running in headless mode.
JavaScript error: resource://gre/modules/XULStore.jsm, line 66: Error: Can't find profile directory.
console.error: SearchCache: "_readCacheFile: Error reading cache file:" (new Error("", "(unknown module)"))
1624467842847	Marionette	INFO	Listening on port 53477
1624467843024	Marionette	WARN	TLS certificate errors will be ignored for this session
JavaScript error: https://cdn.suitsupply.com/apps/webstore/207687-Smdd2a0J1U/js/main.js, line 1: ChunkLoadError: Loading chunk 45 failed.
(error: https://cdn.suitsupply.com/apps/webstore/207687-Smdd2a0J1U/overlaySidebar.chunk.js)
JavaScript error: https://cdn.suitsupply.com/apps/webstore/207687-Smdd2a0J1U/js/main.js, line 1: ChunkLoadError: Loading chunk 53 failed.
(error: https://cdn.suitsupply.com/apps/webstore/207687-Smdd2a0J1U/vendors~slick-carousel.chunk.js)
JavaScript error: , line 0: NS_ERROR_NOT_AVAILABLE
JavaScript error: https://cdn.suitsupply.com/apps/webstore/207687-Smdd2a0J1U/js/search.js, line 1: ChunkLoadError: Loading chunk 54 failed.
(error: https://cdn.suitsupply.com/apps/webstore/207687-Smdd2a0J1U/video.chunk.js)
JavaScript error: https://cdn.suitsupply.com/apps/webstore/207687-Smdd2a0J1U/js/search.js, line 1: ChunkLoadError: Loading chunk 49 failed.
(error: https://cdn.suitsupply.com/apps/webstore/207687-Smdd2a0J1U/searchPage.chunk.js)
JavaScript error: https://cdn.suitsupply.com/apps/webstore/207687-Smdd2a0J1U/js/search.js, line 1: ChunkLoadError: Loading chunk 54 failed.
(error: https://cdn.suitsupply.com/apps/webstore/207687-Smdd2a0J1U/video.chunk.js)
JavaScript error: https://cdn.suitsupply.com/apps/webstore/207687-Smdd2a0J1U/js/search.js, line 1: ChunkLoadError: Loading chunk 49 failed.
(error: https://cdn.suitsupply.com/apps/webstore/207687-Smdd2a0J1U/searchPage.chunk.js)
JavaScript error: https://cdn.suitsupply.com/apps/webstore/207687-Smdd2a0J1U/js/search.js, line 1: ChunkLoadError: Loading chunk 54 failed.
(error: https://cdn.suitsupply.com/apps/webstore/207687-Smdd2a0J1U/video.chunk.js)
JavaScript error: https://cdn.suitsupply.com/apps/webstore/207687-Smdd2a0J1U/js/search.js, line 1: ChunkLoadError: Loading chunk 54 failed.
(error: https://cdn.suitsupply.com/apps/webstore/207687-Smdd2a0J1U/video.chunk.js)
JavaScript error: https://cdn.suitsupply.com/apps/webstore/207687-Smdd2a0J1U/js/search.js, line 1: ChunkLoadError: Loading chunk 49 failed.
(error: https://cdn.suitsupply.com/apps/webstore/207687-Smdd2a0J1U/searchPage.chunk.js)
JavaScript error: https://cdn.suitsupply.com/apps/webstore/207687-Smdd2a0J1U/js/search.js, line 1: ChunkLoadError: Loading chunk 54 failed.
(error: https://cdn.suitsupply.com/apps/webstore/207687-Smdd2a0J1U/video.chunk.js)
JavaScript error: https://cdn.suitsupply.com/apps/webstore/207687-Smdd2a0J1U/js/search.js, line 1: ChunkLoadError: Loading chunk 49 failed.
(error: https://cdn.suitsupply.com/apps/webstore/207687-Smdd2a0J1U/searchPage.chunk.js)
JavaScript error: https://cdn.suitsupply.com/apps/webstore/207687-Smdd2a0J1U/js/search.js, line 1: ChunkLoadError: Loading chunk 2 failed.
(error: https://cdn.suitsupply.com/apps/webstore/207687-Smdd2a0J1U/plpSearch.chunk.js)
JavaScript error: https://cdn.suitsupply.com/apps/webstore/207687-Smdd2a0J1U/js/search.js, line 1: ChunkLoadError: Loading chunk 54 failed.
(error: https://cdn.suitsupply.com/apps/webstore/207687-Smdd2a0J1U/video.chunk.js)
JavaScript error: https://cdn.suitsupply.com/apps/webstore/207687-Smdd2a0J1U/js/search.js, line 1: ChunkLoadError: Loading chunk 2 failed.
(error: https://cdn.suitsupply.com/apps/webstore/207687-Smdd2a0J1U/plpSearch.chunk.js)
JavaScript error: https://cdn.suitsupply.com/apps/webstore/207687-Smdd2a0J1U/js/search.js, line 1: ChunkLoadError: Loading chunk 54 failed.
(error: https://cdn.suitsupply.com/apps/webstore/207687-Smdd2a0J1U/video.chunk.js)
JavaScript error: https://cdn.suitsupply.com/apps/webstore/207687-Smdd2a0J1U/js/search.js, line 1: ChunkLoadError: Loading chunk 54 failed.
(error: https://cdn.suitsupply.com/apps/webstore/207687-Smdd2a0J1U/video.chunk.js)
JavaScript error: https://cdn.suitsupply.com/apps/webstore/207687-Smdd2a0J1U/js/search.js, line 1: ChunkLoadError: Loading chunk 49 failed.
(error: https://cdn.suitsupply.com/apps/webstore/207687-Smdd2a0J1U/searchPage.chunk.js)
JavaScript error: https://cdn.suitsupply.com/apps/webstore/207687-Smdd2a0J1U/js/search.js, line 1: ChunkLoadError: Loading chunk 54 failed.
(error: https://cdn.suitsupply.com/apps/webstore/207687-Smdd2a0J1U/video.chunk.js)
JavaScript error: https://cdn.suitsupply.com/apps/webstore/207687-Smdd2a0J1U/js/search.js, line 1: ChunkLoadError: Loading chunk 54 failed.
(error: https://cdn.suitsupply.com/apps/webstore/207687-Smdd2a0J1U/video.chunk.js)
JavaScript error: https://cdn.suitsupply.com/apps/webstore/207687-Smdd2a0J1U/js/search.js, line 1: ChunkLoadError: Loading chunk 49 failed.
(error: https://cdn.suitsupply.com/apps/webstore/207687-Smdd2a0J1U/searchPage.chunk.js)
JavaScript error: https://cdn.suitsupply.com/apps/webstore/207687-Smdd2a0J1U/js/search.js, line 1: ChunkLoadError: Loading chunk 2 failed.
(error: https://cdn.suitsupply.com/apps/webstore/207687-Smdd2a0J1U/plpSearch.chunk.js)
JavaScript error: https://cdn.suitsupply.com/apps/webstore/207687-Smdd2a0J1U/js/search.js, line 1: ChunkLoadError: Loading chunk 54 failed.
(error: https://cdn.suitsupply.com/apps/webstore/207687-Smdd2a0J1U/video.chunk.js)
JavaScript error: https://cdn.suitsupply.com/apps/webstore/207687-Smdd2a0J1U/js/search.js, line 1: ChunkLoadError: Loading chunk 54 failed.
(error: https://cdn.suitsupply.com/apps/webstore/207687-Smdd2a0J1U/video.chunk.js)
JavaScript error: https://cdn.suitsupply.com/apps/webstore/207687-Smdd2a0J1U/js/search.js, line 1: ChunkLoadError: Loading chunk 54 failed.
(error: https://cdn.suitsupply.com/apps/webstore/207687-Smdd2a0J1U/video.chunk.js)
JavaScript error: https://cdn.suitsupply.com/apps/webstore/207687-Smdd2a0J1U/js/search.js, line 1: ChunkLoadError: Loading chunk 49 failed.
(error: https://cdn.suitsupply.com/apps/webstore/207687-Smdd2a0J1U/searchPage.chunk.js)
JavaScript error: https://cdn.suitsupply.com/apps/webstore/207687-Smdd2a0J1U/js/search.js, line 1: ChunkLoadError: Loading chunk 54 failed.
(error: https://cdn.suitsupply.com/apps/webstore/207687-Smdd2a0J1U/video.chunk.js)
JavaScript error: https://cdn.suitsupply.com/apps/webstore/207687-Smdd2a0J1U/js/search.js, line 1: ChunkLoadError: Loading chunk 1 failed.
(error: https://cdn.suitsupply.com/apps/webstore/207687-Smdd2a0J1U/vendors~plpSearch~searchPage~video.chunk.js)
JavaScript error: https://cdn.suitsupply.com/apps/webstore/207687-Smdd2a0J1U/js/search.js, line 1: ChunkLoadError: Loading chunk 1 failed.
(error: https://cdn.suitsupply.com/apps/webstore/207687-Smdd2a0J1U/vendors~plpSearch~searchPage~video.chunk.js)
JavaScript error: https://cdn.suitsupply.com/apps/webstore/207687-Smdd2a0J1U/js/search.js, line 1: ChunkLoadError: Loading chunk 2 failed.
(error: https://cdn.suitsupply.com/apps/webstore/207687-Smdd2a0J1U/plpSearch.chunk.js)
JavaScript error: https://cdn.suitsupply.com/apps/webstore/207687-Smdd2a0J1U/js/search.js, line 1: ChunkLoadError: Loading chunk 54 failed.
(error: https://cdn.suitsupply.com/apps/webstore/207687-Smdd2a0J1U/video.chunk.js)
JavaScript error: https://cdn.suitsupply.com/apps/webstore/207687-Smdd2a0J1U/js/search.js, line 1: ChunkLoadError: Loading chunk 54 failed.
(error: https://cdn.suitsupply.com/apps/webstore/207687-Smdd2a0J1U/video.chunk.js)
JavaScript error: https://cdn.suitsupply.com/apps/webstore/207687-Smdd2a0J1U/js/search.js, line 1: ChunkLoadError: Loading chunk 49 failed.
(error: https://cdn.suitsupply.com/apps/webstore/207687-Smdd2a0J1U/searchPage.chunk.js)
JavaScript error: https://cdn.suitsupply.com/apps/webstore/207687-Smdd2a0J1U/js/search.js, line 1: ChunkLoadError: Loading chunk 54 failed.
(error: https://cdn.suitsupply.com/apps/webstore/207687-Smdd2a0J1U/video.chunk.js)
JavaScript error: https://cdn.suitsupply.com/apps/webstore/207687-Smdd2a0J1U/js/search.js, line 1: ChunkLoadError: Loading chunk 49 failed.
(error: https://cdn.suitsupply.com/apps/webstore/207687-Smdd2a0J1U/searchPage.chunk.js)
JavaScript error: https://cdn.suitsupply.com/apps/webstore/207687-Smdd2a0J1U/js/search.js, line 1: ChunkLoadError: Loading chunk 49 failed.
(error: https://cdn.suitsupply.com/apps/webstore/207687-Smdd2a0J1U/searchPage.chunk.js)
JavaScript error: https://cdn.suitsupply.com/apps/webstore/207687-Smdd2a0J1U/js/search.js, line 1: ChunkLoadError: Loading chunk 54 failed.
(error: https://cdn.suitsupply.com/apps/webstore/207687-Smdd2a0J1U/video.chunk.js)
1625490803578	geckodriver	INFO	Listening on 127.0.0.1:50247
1625490811133	geckodriver	INFO	Listening on 127.0.0.1:50252
1625490872747	geckodriver	INFO	Listening on 127.0.0.1:50262
1625490913900	geckodriver	INFO	Listening on 127.0.0.1:50332
1625491008226	geckodriver	INFO	Listening on 127.0.0.1:62923
1625491087157	geckodriver	INFO	Listening on 127.0.0.1:59605
1625491094047	geckodriver	INFO	Listening on 127.0.0.1:59615
1625491110477	geckodriver	INFO	Listening on 127.0.0.1:59624
1625491127826	geckodriver	INFO	Listening on 127.0.0.1:56241
1625491347984	geckodriver	INFO	Listening on 127.0.0.1:52073
1625491351021	mozrunner::runner	INFO	Running command: "C:\\Program Files\\Mozilla Firefox\\firefox.exe" "--marionette" "-headless" "-foreground" "-no-remote" "-profile" "C:\\Users\\jpaul\\AppData\\Local\\Temp\\rust_mozprofile3hrgW1"
*** You are running in headless mode.
1625491353065	Marionette	INFO	Marionette enabled
console.warn: SearchSettings: "get: No settings file exists, new profile?" (new NotFoundError("Could not open the file at C:\\Users\\jpaul\\AppData\\Local\\Temp\\rust_mozprofile3hrgW1\\search.json.mozlz4", (void 0)))
1625491354428	Marionette	INFO	Listening on port 52082
1625491354840	Marionette	WARN	TLS certificate errors will be ignored for this session
console.log: WebExtensions: reset-default-search: starting.
console.log: WebExtensions: reset-default-search: No addons in our list are installed.
\\firefox.exe" "--marionette" "-headless" "-foreground" "-no-remote" "-profile" "C:\\Users\\jpaul\\AppData\\Local\\Temp\\rust_mozprofileE0CvjC"
*** You are running in headless mode.
1625491364784	Marionette	INFO	Marionette enabled
console.warn: SearchSettings: "get: No settings file exists, new profile?" (new NotFoundError("Could not open the file at C:\\Users\\jpaul\\AppData\\Local\\Temp\\rust_mozprofileE0CvjC\\search.json.mozlz4", (void 0)))
1625491366039	Marionette	INFO	Listening on port 52138
1625491366495	Marionette	WARN	TLS certificate errors will be ignored for this session
console.log: WebExtensions: reset-default-search: starting.
console.log: WebExtensions: reset-default-search: No addons in our list are installed.
\\firefox.exe" "--marionette" "-headless" "-foreground" "-no-remote" "-profile" "C:\\Users\\jpaul\\AppData\\Local\\Temp\\rust_mozprofileVMTiyk"
*** You are running in headless mode.
1625491418552	Marionette	INFO	Marionette enabled
console.warn: SearchSettings: "get: No settings file exists, new profile?" (new NotFoundError("Could not open the file at C:\\Users\\jpaul\\AppData\\Local\\Temp\\rust_mozprofileVMTiyk\\search.json.mozlz4", (void 0)))
1625491419858	Marionette	INFO	Listening on port 65369
1625491420263	Marionette	WARN	TLS certificate errors will be ignored for this session
JavaScript error: https://cdn.suitsupply.com/apps/webstore/208392-T14jzdb5x1/js/main.js, line 1: ChunkLoadError: Loading chunk 53 failed.
(error: https://cdn.suitsupply.com/apps/webstore/208392-T14jzdb5x1/vendors~slick-carousel.chunk.js)
JavaScript error: https://cdn.suitsupply.com/apps/webstore/208392-T14jzdb5x1/js/main.js, line 1: ChunkLoadError: Loading chunk 45 failed.
(error: https://cdn.suitsupply.com/apps/webstore/208392-T14jzdb5x1/overlaySidebar.chunk.js)
console.log: WebExtensions: reset-default-search: starting.
console.log: WebExtensions: reset-default-search: No addons in our list are installed.
1625492180250	geckodriver	INFO	Listening on 127.0.0.1:51641
1625492183318	mozrunner::runner	INFO	Running command: "C:\\Program Files\\Mozilla Firefox\\firefox.exe" "--marionette" "-headless" "-foreground" "-no-remote" "-profile" "C:\\Users\\jpaul\\AppData\\Local\\Temp\\rust_mozprofileUFsgzj"
*** You are running in headless mode.
1625492183676	Marionette	INFO	Marionette enabled
console.warn: SearchSettings: "get: No settings file exists, new profile?" (new NotFoundError("Could not open the file at C:\\Users\\jpaul\\AppData\\Local\\Temp\\rust_mozprofileUFsgzj\\search.json.mozlz4", (void 0)))
1625492184694	Marionette	INFO	Listening on port 51649
1625492184878	Marionette	WARN	TLS certificate errors will be ignored for this session
